<?xml version="1.0" encoding="UTF-8"?>
<!-- Generated by org.testng.reporters.JUnitReportReporter -->
<testsuite skipped="0" hostname="Dinesh" name="Script.FeedBack_Customer" tests="1" failures="0" timestamp="25 Jun 2018 08:58:47 GMT" time="66.942" errors="0">
  <testcase name="Test" time="66.942" classname="Script.FeedBack_Customer"/>
</testsuite> <!-- Script.FeedBack_Customer -->
