<?xml version="1.0" encoding="UTF-8"?>
<!-- Generated by org.testng.reporters.JUnitReportReporter -->
<testsuite skipped="0" hostname="Dinesh" name="Script.test" tests="1" failures="0" timestamp="18 Jun 2018 14:47:02 GMT" time="0.038" errors="0">
  <testcase name="cest" time="0.038" classname="Script.test"/>
</testsuite> <!-- Script.test -->
