<?xml version="1.0" encoding="UTF-8"?>
<!-- Generated by org.testng.reporters.JUnitReportReporter -->
<testsuite skipped="0" hostname="Dinesh" name="Script.Customize_Product" tests="1" failures="0" timestamp="19 Jun 2018 20:00:26 GMT" time="109.958" errors="0">
  <testcase name="test" time="109.958" classname="Script.Customize_Product"/>
</testsuite> <!-- Script.Customize_Product -->
