<?xml version="1.0" encoding="UTF-8"?>
<!-- Generated by org.testng.reporters.JUnitReportReporter -->
<testsuite skipped="0" hostname="Dinesh" name="Generic.Reports" tests="3" failures="0" timestamp="22 Jun 2018 07:48:25 GMT" time="1.721" errors="0">
  <testcase name="xyz" time="0.205" classname="Generic.Reports"/>
  <testcase name="abc" time="1.302" classname="Generic.Reports"/>
  <testcase name="abcq" time="0.214" classname="Generic.Reports"/>
</testsuite> <!-- Generic.Reports -->
